[0.065s] DEBUG:colcon:Command line arguments: ['/usr/bin/colcon', 'build']
[0.065s] DEBUG:colcon:Parsed command line arguments: Namespace(log_base=None, log_level=None, verb_name='build', build_base='build', install_base='install', merge_install=False, symlink_install=False, test_result_base=None, continue_on_error=False, executor='parallel', parallel_workers=20, event_handlers=None, ignore_user_meta=False, metas=['./colcon.meta'], base_paths=['.'], packages_ignore=None, packages_ignore_regex=None, paths=None, packages_up_to=None, packages_up_to_regex=None, packages_above=None, packages_above_and_dependencies=None, packages_above_depth=None, packages_select_by_dep=None, packages_skip_by_dep=None, packages_skip_up_to=None, packages_select_build_failed=False, packages_skip_build_finished=False, packages_select_test_failures=False, packages_skip_test_passed=False, packages_select=None, packages_skip=None, packages_select_regex=None, packages_skip_regex=None, packages_start=None, packages_end=None, allow_overriding=[], cmake_args=None, cmake_target=None, cmake_target_skip_unavailable=False, cmake_clean_cache=False, cmake_clean_first=False, cmake_force_configure=False, ament_cmake_args=None, catkin_cmake_args=None, catkin_skip_building_tests=False, mixin_files=None, mixin=None, verb_parser=<colcon_mixin.mixin.mixin_argument.MixinArgumentDecorator object at 0x7019be9896c0>, verb_extension=<colcon_core.verb.build.BuildVerb object at 0x7019be988910>, main=<bound method BuildVerb.main of <colcon_core.verb.build.BuildVerb object at 0x7019be988910>>, mixin_verb=('build',))
[0.086s] Level 1:colcon.colcon_core.package_discovery:discover_packages(colcon_meta) check parameters
[0.086s] Level 1:colcon.colcon_core.package_discovery:discover_packages(recursive) check parameters
[0.086s] Level 1:colcon.colcon_core.package_discovery:discover_packages(ignore) check parameters
[0.086s] Level 1:colcon.colcon_core.package_discovery:discover_packages(path) check parameters
[0.086s] Level 1:colcon.colcon_core.package_discovery:discover_packages(colcon_meta) discover
[0.086s] Level 1:colcon.colcon_core.package_discovery:discover_packages(recursive) discover
[0.086s] INFO:colcon.colcon_core.package_discovery:Crawling recursively for packages in '/home/srikrishna/Desktop/Projects/scale_est/colcon_ws/src/orbslam3_ros2'
[0.086s] Level 1:colcon.colcon_core.package_identification:_identify(.) by extensions ['ignore', 'ignore_ament_install']
[0.086s] Level 1:colcon.colcon_core.package_identification:_identify(.) by extension 'ignore'
[0.086s] Level 1:colcon.colcon_core.package_identification:_identify(.) by extension 'ignore_ament_install'
[0.086s] Level 1:colcon.colcon_core.package_identification:_identify(.) by extensions ['colcon_pkg']
[0.086s] Level 1:colcon.colcon_core.package_identification:_identify(.) by extension 'colcon_pkg'
[0.086s] Level 1:colcon.colcon_core.package_identification:_identify(.) by extensions ['colcon_meta']
[0.086s] Level 1:colcon.colcon_core.package_identification:_identify(.) by extension 'colcon_meta'
[0.086s] Level 1:colcon.colcon_core.package_identification:_identify(.) by extensions ['ros']
[0.086s] Level 1:colcon.colcon_core.package_identification:_identify(.) by extension 'ros'
[0.095s] DEBUG:colcon.colcon_core.package_identification:Package '.' with type 'ros.ament_cmake' and name 'orbslam3'
[0.095s] Level 1:colcon.colcon_core.package_discovery:discover_packages(recursive) using defaults
[0.096s] Level 1:colcon.colcon_core.package_discovery:discover_packages(ignore) discover
[0.096s] Level 1:colcon.colcon_core.package_discovery:discover_packages(ignore) using defaults
[0.096s] Level 1:colcon.colcon_core.package_discovery:discover_packages(path) discover
[0.096s] Level 1:colcon.colcon_core.package_discovery:discover_packages(path) using defaults
[0.106s] Level 1:colcon.colcon_core.package_discovery:discover_packages(prefix_path) check parameters
[0.106s] Level 1:colcon.colcon_core.package_discovery:discover_packages(prefix_path) discover
[0.107s] DEBUG:colcon.colcon_installed_package_information.package_discovery:Found 1 installed packages in /home/srikrishna/Desktop/Projects/scale_est/colcon_ws/install
[0.107s] DEBUG:colcon.colcon_installed_package_information.package_discovery:Found 1 installed packages in /home/srikrishna/Projects_ROS/px4_ws/install
[0.108s] DEBUG:colcon.colcon_installed_package_information.package_discovery:Found 1 installed packages in /home/srikrishna/Projects_ROS/ROSGZ_ws/install
[0.108s] DEBUG:colcon.colcon_installed_package_information.package_discovery:Found 2 installed packages in /home/srikrishna/Projects_ROS/ws_xrce_dds_agent/install
[0.108s] DEBUG:colcon.colcon_installed_package_information.package_discovery:Found 275 installed packages in /opt/ros/humble
[0.109s] Level 1:colcon.colcon_core.package_discovery:discover_packages(prefix_path) using defaults
[0.126s] Level 5:colcon.colcon_core.verb:set package 'orbslam3' build argument 'cmake_args' from command line to 'None'
[0.126s] Level 5:colcon.colcon_core.verb:set package 'orbslam3' build argument 'cmake_target' from command line to 'None'
[0.127s] Level 5:colcon.colcon_core.verb:set package 'orbslam3' build argument 'cmake_target_skip_unavailable' from command line to 'False'
[0.127s] Level 5:colcon.colcon_core.verb:set package 'orbslam3' build argument 'cmake_clean_cache' from command line to 'False'
[0.127s] Level 5:colcon.colcon_core.verb:set package 'orbslam3' build argument 'cmake_clean_first' from command line to 'False'
[0.127s] Level 5:colcon.colcon_core.verb:set package 'orbslam3' build argument 'cmake_force_configure' from command line to 'False'
[0.127s] Level 5:colcon.colcon_core.verb:set package 'orbslam3' build argument 'ament_cmake_args' from command line to 'None'
[0.127s] Level 5:colcon.colcon_core.verb:set package 'orbslam3' build argument 'catkin_cmake_args' from command line to 'None'
[0.127s] Level 5:colcon.colcon_core.verb:set package 'orbslam3' build argument 'catkin_skip_building_tests' from command line to 'False'
[0.127s] DEBUG:colcon.colcon_core.verb:Building package 'orbslam3' with the following arguments: {'ament_cmake_args': None, 'build_base': '/home/srikrishna/Desktop/Projects/scale_est/colcon_ws/src/orbslam3_ros2/build/orbslam3', 'catkin_cmake_args': None, 'catkin_skip_building_tests': False, 'cmake_args': None, 'cmake_clean_cache': False, 'cmake_clean_first': False, 'cmake_force_configure': False, 'cmake_target': None, 'cmake_target_skip_unavailable': False, 'install_base': '/home/srikrishna/Desktop/Projects/scale_est/colcon_ws/src/orbslam3_ros2/install/orbslam3', 'merge_install': False, 'path': '/home/srikrishna/Desktop/Projects/scale_est/colcon_ws/src/orbslam3_ros2', 'symlink_install': False, 'test_result_base': None}
[0.127s] INFO:colcon.colcon_core.executor:Executing jobs using 'parallel' executor
[0.127s] DEBUG:colcon.colcon_parallel_executor.executor.parallel:run_until_complete
[0.127s] INFO:colcon.colcon_ros.task.ament_cmake.build:Building ROS package in '/home/srikrishna/Desktop/Projects/scale_est/colcon_ws/src/orbslam3_ros2' with build type 'ament_cmake'
[0.128s] INFO:colcon.colcon_cmake.task.cmake.build:Building CMake package in '/home/srikrishna/Desktop/Projects/scale_est/colcon_ws/src/orbslam3_ros2'
[0.129s] INFO:colcon.colcon_core.plugin_system:Skipping extension 'colcon_core.shell.bat': Not used on non-Windows systems
[0.129s] INFO:colcon.colcon_core.shell:Skip shell extension 'powershell' for command environment: Not usable outside of PowerShell
[0.129s] DEBUG:colcon.colcon_core.shell:Skip shell extension 'dsv' for command environment
[0.130s] DEBUG:colcon.colcon_core.shell:Ignoring prefix path '/home/srikrishna/catkin_ws/devel'
[0.135s] DEBUG:colcon.colcon_core.event_handler.log_command:Invoking command in '/home/srikrishna/Desktop/Projects/scale_est/colcon_ws/src/orbslam3_ros2/build/orbslam3': CMAKE_PREFIX_PATH=/home/srikrishna/Desktop/Projects/scale_est/colcon_ws/install/orbslam3:/home/srikrishna/Projects_ROS/px4_ws/install/px4_msgs:/home/srikrishna/Projects_ROS/ws_xrce_dds_agent/install/px4_msgs:/home/srikrishna/Projects_ROS/ws_xrce_dds_agent/install/microxrcedds_agent:/opt/ros/humble:/home/srikrishna/catkin_ws/devel PS1=(orbslam3_ros2) \[\e]0;\u@\h: \w\a\]${debian_chroot:+($debian_chroot)}\[\033[01;32m\]\u@\h\[\033[00m\]:\[\033[01;34m\]\w\[\033[00m\]\$ VIRTUAL_ENV_PROMPT=(orbslam3_ros2) /usr/bin/cmake --build /home/srikrishna/Desktop/Projects/scale_est/colcon_ws/src/orbslam3_ros2/build/orbslam3 -- -j20 -l20
[0.549s] DEBUG:colcon.colcon_core.event_handler.log_command:Invoked command in '/home/srikrishna/Desktop/Projects/scale_est/colcon_ws/src/orbslam3_ros2/build/orbslam3' returned '2': CMAKE_PREFIX_PATH=/home/srikrishna/Desktop/Projects/scale_est/colcon_ws/install/orbslam3:/home/srikrishna/Projects_ROS/px4_ws/install/px4_msgs:/home/srikrishna/Projects_ROS/ws_xrce_dds_agent/install/px4_msgs:/home/srikrishna/Projects_ROS/ws_xrce_dds_agent/install/microxrcedds_agent:/opt/ros/humble:/home/srikrishna/catkin_ws/devel PS1=(orbslam3_ros2) \[\e]0;\u@\h: \w\a\]${debian_chroot:+($debian_chroot)}\[\033[01;32m\]\u@\h\[\033[00m\]:\[\033[01;34m\]\w\[\033[00m\]\$ VIRTUAL_ENV_PROMPT=(orbslam3_ros2) /usr/bin/cmake --build /home/srikrishna/Desktop/Projects/scale_est/colcon_ws/src/orbslam3_ros2/build/orbslam3 -- -j20 -l20
[0.550s] Level 1:colcon.colcon_core.environment:create_environment_scripts_only(orbslam3)
[0.551s] Level 1:colcon.colcon_core.environment:checking '/home/srikrishna/Desktop/Projects/scale_est/colcon_ws/src/orbslam3_ros2/install/orbslam3' for CMake module files
[0.551s] Level 1:colcon.colcon_core.environment:checking '/home/srikrishna/Desktop/Projects/scale_est/colcon_ws/src/orbslam3_ros2/install/orbslam3' for CMake config files
[0.552s] Level 1:colcon.colcon_core.environment:checking '/home/srikrishna/Desktop/Projects/scale_est/colcon_ws/src/orbslam3_ros2/install/orbslam3/bin'
[0.552s] Level 1:colcon.colcon_core.environment:checking '/home/srikrishna/Desktop/Projects/scale_est/colcon_ws/src/orbslam3_ros2/install/orbslam3/lib/pkgconfig/orbslam3.pc'
[0.552s] Level 1:colcon.colcon_core.environment:checking '/home/srikrishna/Desktop/Projects/scale_est/colcon_ws/src/orbslam3_ros2/install/orbslam3/lib/python3.10/site-packages'
[0.552s] Level 1:colcon.colcon_core.environment:checking '/home/srikrishna/Desktop/Projects/scale_est/colcon_ws/src/orbslam3_ros2/install/orbslam3/bin'
[0.552s] INFO:colcon.colcon_core.shell:Creating package script '/home/srikrishna/Desktop/Projects/scale_est/colcon_ws/src/orbslam3_ros2/install/orbslam3/share/orbslam3/package.ps1'
[0.553s] INFO:colcon.colcon_core.shell:Creating package descriptor '/home/srikrishna/Desktop/Projects/scale_est/colcon_ws/src/orbslam3_ros2/install/orbslam3/share/orbslam3/package.dsv'
[0.553s] INFO:colcon.colcon_core.shell:Creating package script '/home/srikrishna/Desktop/Projects/scale_est/colcon_ws/src/orbslam3_ros2/install/orbslam3/share/orbslam3/package.sh'
[0.553s] INFO:colcon.colcon_core.shell:Creating package script '/home/srikrishna/Desktop/Projects/scale_est/colcon_ws/src/orbslam3_ros2/install/orbslam3/share/orbslam3/package.bash'
[0.554s] INFO:colcon.colcon_core.shell:Creating package script '/home/srikrishna/Desktop/Projects/scale_est/colcon_ws/src/orbslam3_ros2/install/orbslam3/share/orbslam3/package.zsh'
[0.554s] Level 1:colcon.colcon_core.environment:create_file_with_runtime_dependencies(/home/srikrishna/Desktop/Projects/scale_est/colcon_ws/src/orbslam3_ros2/install/orbslam3/share/colcon-core/packages/orbslam3)
[0.564s] DEBUG:colcon.colcon_parallel_executor.executor.parallel:closing loop
[0.564s] DEBUG:colcon.colcon_parallel_executor.executor.parallel:loop closed
[0.565s] DEBUG:colcon.colcon_parallel_executor.executor.parallel:run_until_complete finished with '2'
[0.565s] DEBUG:colcon.colcon_core.event_reactor:joining thread
[0.572s] INFO:colcon.colcon_core.plugin_system:Skipping extension 'colcon_notification.desktop_notification.terminal_notifier': Not used on non-Darwin systems
[0.572s] INFO:colcon.colcon_core.plugin_system:Skipping extension 'colcon_notification.desktop_notification.win32': Not used on non-Windows systems
[0.573s] INFO:colcon.colcon_notification.desktop_notification:Sending desktop notification using 'notify2'
[0.594s] DEBUG:colcon.colcon_core.event_reactor:joined thread
[0.595s] INFO:colcon.colcon_core.shell:Creating prefix script '/home/srikrishna/Desktop/Projects/scale_est/colcon_ws/src/orbslam3_ros2/install/local_setup.ps1'
[0.596s] INFO:colcon.colcon_core.shell:Creating prefix util module '/home/srikrishna/Desktop/Projects/scale_est/colcon_ws/src/orbslam3_ros2/install/_local_setup_util_ps1.py'
[0.598s] INFO:colcon.colcon_core.shell:Creating prefix chain script '/home/srikrishna/Desktop/Projects/scale_est/colcon_ws/src/orbslam3_ros2/install/setup.ps1'
[0.599s] INFO:colcon.colcon_core.shell:Creating prefix script '/home/srikrishna/Desktop/Projects/scale_est/colcon_ws/src/orbslam3_ros2/install/local_setup.sh'
[0.599s] INFO:colcon.colcon_core.shell:Creating prefix util module '/home/srikrishna/Desktop/Projects/scale_est/colcon_ws/src/orbslam3_ros2/install/_local_setup_util_sh.py'
[0.600s] INFO:colcon.colcon_core.shell:Creating prefix chain script '/home/srikrishna/Desktop/Projects/scale_est/colcon_ws/src/orbslam3_ros2/install/setup.sh'
[0.601s] INFO:colcon.colcon_core.shell:Creating prefix script '/home/srikrishna/Desktop/Projects/scale_est/colcon_ws/src/orbslam3_ros2/install/local_setup.bash'
[0.601s] INFO:colcon.colcon_core.shell:Creating prefix chain script '/home/srikrishna/Desktop/Projects/scale_est/colcon_ws/src/orbslam3_ros2/install/setup.bash'
[0.602s] INFO:colcon.colcon_core.shell:Creating prefix script '/home/srikrishna/Desktop/Projects/scale_est/colcon_ws/src/orbslam3_ros2/install/local_setup.zsh'
[0.603s] INFO:colcon.colcon_core.shell:Creating prefix chain script '/home/srikrishna/Desktop/Projects/scale_est/colcon_ws/src/orbslam3_ros2/install/setup.zsh'
