[0.007s] Invoking command in '/home/srikrishna/Desktop/Projects/scale_est/colcon_ws/src/orbslam3_ros2/build/orbslam3': CMAKE_PREFIX_PATH=/home/srikrishna/Desktop/Projects/scale_est/colcon_ws/install/orbslam3:/home/srikrishna/Projects_ROS/px4_ws/install/px4_msgs:/home/srikrishna/Projects_ROS/ws_xrce_dds_agent/install/px4_msgs:/home/srikrishna/Projects_ROS/ws_xrce_dds_agent/install/microxrcedds_agent:/opt/ros/humble:/home/srikrishna/catkin_ws/devel PS1=(orbslam3_ros2) \[\e]0;\u@\h: \w\a\]${debian_chroot:+($debian_chroot)}\[\033[01;32m\]\u@\h\[\033[00m\]:\[\033[01;34m\]\w\[\033[00m\]\$ VIRTUAL_ENV_PROMPT=(orbslam3_ros2) /usr/bin/cmake --build /home/srikrishna/Desktop/Projects/scale_est/colcon_ws/src/orbslam3_ros2/build/orbslam3 -- -j20 -l20
[0.024s] -- Found ament_cmake: 1.3.11 (/opt/ros/humble/share/ament_cmake/cmake)
[0.114s] -- Override CMake install command with custom implementation using symlinks instead of copying resources
[0.118s] -- Found rclcpp: 16.0.11 (/opt/ros/humble/share/rclcpp/cmake)
[0.134s] -- Found rosidl_generator_c: 3.1.6 (/opt/ros/humble/share/rosidl_generator_c/cmake)
[0.135s] -- Found rosidl_adapter: 3.1.6 (/opt/ros/humble/share/rosidl_adapter/cmake)
[0.138s] -- Found rosidl_generator_cpp: 3.1.6 (/opt/ros/humble/share/rosidl_generator_cpp/cmake)
[0.143s] -- Using all available rosidl_typesupport_c: rosidl_typesupport_fastrtps_c;rosidl_typesupport_introspection_c
[0.149s] -- Using all available rosidl_typesupport_cpp: rosidl_typesupport_fastrtps_cpp;rosidl_typesupport_introspection_cpp
[0.166s] -- Found rmw_implementation_cmake: 6.1.2 (/opt/ros/humble/share/rmw_implementation_cmake/cmake)
[0.166s] -- Found rmw_fastrtps_cpp: 6.2.7 (/opt/ros/humble/share/rmw_fastrtps_cpp/cmake)
[0.236s] -- Using RMW implementation 'rmw_fastrtps_cpp' as default
[0.270s] -- Found sensor_msgs: 4.2.4 (/opt/ros/humble/share/sensor_msgs/cmake)
[0.285s] -- Found cv_bridge: 3.2.1 (/opt/ros/humble/share/cv_bridge/cmake)
[0.289s] -- Found message_filters: 4.3.5 (/opt/ros/humble/share/message_filters/cmake)
[0.347s] -- Configuring done
[0.349s] [31mCMake Error at CMakeLists.txt:53 (add_executable):
[0.349s]   Cannot find source file:
[0.349s] 
[0.349s]     src/ros2_img_pub.cpp
[0.349s] 
[0.349s]   Tried extensions .c .C .c++ .cc .cpp .cxx .cu .mpp .m .M .mm .ixx .cppm .h
[0.349s]   .hh .h++ .hm .hpp .hxx .in .txx .f .F .for .f77 .f90 .f95 .f03 .hip .ispc
[0.349s] 
[0.349s] [0m
[0.350s] [31mCMake Error at CMakeLists.txt:53 (add_executable):
[0.351s]   No SOURCES given to target: realsense_publisher
[0.351s] 
[0.351s] [0m
[0.351s] [0mCMake Generate step failed.  Build files cannot be regenerated correctly.[0m
[0.355s] gmake: *** [Makefile:498: cmake_check_build_system] Error 1
[0.356s] Invoked command in '/home/srikrishna/Desktop/Projects/scale_est/colcon_ws/src/orbslam3_ros2/build/orbslam3' returned '2': CMAKE_PREFIX_PATH=/home/srikrishna/Desktop/Projects/scale_est/colcon_ws/install/orbslam3:/home/srikrishna/Projects_ROS/px4_ws/install/px4_msgs:/home/srikrishna/Projects_ROS/ws_xrce_dds_agent/install/px4_msgs:/home/srikrishna/Projects_ROS/ws_xrce_dds_agent/install/microxrcedds_agent:/opt/ros/humble:/home/srikrishna/catkin_ws/devel PS1=(orbslam3_ros2) \[\e]0;\u@\h: \w\a\]${debian_chroot:+($debian_chroot)}\[\033[01;32m\]\u@\h\[\033[00m\]:\[\033[01;34m\]\w\[\033[00m\]\$ VIRTUAL_ENV_PROMPT=(orbslam3_ros2) /usr/bin/cmake --build /home/srikrishna/Desktop/Projects/scale_est/colcon_ws/src/orbslam3_ros2/build/orbslam3 -- -j20 -l20
