[0.007s] Invoking command in '/home/srikrishna/Desktop/Projects/scale_est/colcon_ws/src/orbslam3_ros2/build/orbslam3': CMAKE_PREFIX_PATH=/home/srikrishna/Desktop/Projects/scale_est/colcon_ws/install/orbslam3:/home/srikrishna/Projects_ROS/px4_ws/install/px4_msgs:/home/srikrishna/Projects_ROS/ws_xrce_dds_agent/install/px4_msgs:/home/srikrishna/Projects_ROS/ws_xrce_dds_agent/install/microxrcedds_agent:/opt/ros/humble:/home/srikrishna/catkin_ws/devel PS1=(orbslam3_ros2) \[\e]0;\u@\h: \w\a\]${debian_chroot:+($debian_chroot)}\[\033[01;32m\]\u@\h\[\033[00m\]:\[\033[01;34m\]\w\[\033[00m\]\$ VIRTUAL_ENV_PROMPT=(orbslam3_ros2) /usr/bin/cmake --build /home/srikrishna/Desktop/Projects/scale_est/colcon_ws/src/orbslam3_ros2/build/orbslam3 -- -j20 -l20
[0.023s] -- Found ament_cmake: 1.3.11 (/opt/ros/humble/share/ament_cmake/cmake)
[0.099s] -- Override CMake install command with custom implementation using symlinks instead of copying resources
[0.103s] -- Found rclcpp: 16.0.11 (/opt/ros/humble/share/rclcpp/cmake)
[0.118s] -- Found rosidl_generator_c: 3.1.6 (/opt/ros/humble/share/rosidl_generator_c/cmake)
[0.119s] -- Found rosidl_adapter: 3.1.6 (/opt/ros/humble/share/rosidl_adapter/cmake)
[0.122s] -- Found rosidl_generator_cpp: 3.1.6 (/opt/ros/humble/share/rosidl_generator_cpp/cmake)
[0.127s] -- Using all available rosidl_typesupport_c: rosidl_typesupport_fastrtps_c;rosidl_typesupport_introspection_c
[0.134s] -- Using all available rosidl_typesupport_cpp: rosidl_typesupport_fastrtps_cpp;rosidl_typesupport_introspection_cpp
[0.150s] -- Found rmw_implementation_cmake: 6.1.2 (/opt/ros/humble/share/rmw_implementation_cmake/cmake)
[0.151s] -- Found rmw_fastrtps_cpp: 6.2.7 (/opt/ros/humble/share/rmw_fastrtps_cpp/cmake)
[0.221s] -- Using RMW implementation 'rmw_fastrtps_cpp' as default
[0.250s] -- Found sensor_msgs: 4.2.4 (/opt/ros/humble/share/sensor_msgs/cmake)
[0.265s] -- Found cv_bridge: 3.2.1 (/opt/ros/humble/share/cv_bridge/cmake)
[0.270s] -- Found message_filters: 4.3.5 (/opt/ros/humble/share/message_filters/cmake)
[0.326s] -- Configuring done
[0.349s] -- Generating done
[0.355s] -- Build files have been written to: /home/srikrishna/Desktop/Projects/scale_est/colcon_ws/src/orbslam3_ros2/build/orbslam3
[0.374s] [35m[1mConsolidate compiler generated dependencies of target rgbd[0m
[0.374s] [35m[1mConsolidate compiler generated dependencies of target stereo[0m
[0.374s] [35m[1mConsolidate compiler generated dependencies of target stereo-inertial[0m
[0.375s] [35m[1mConsolidate compiler generated dependencies of target mono[0m
[0.381s] [  7%] [32mBuilding CXX object CMakeFiles/realsense_publisher.dir/src/monocular/ros2_img_pub.cpp.o[0m
[0.390s] [ 28%] Built target stereo-inertial
[0.390s] [ 50%] Built target stereo
[0.391s] [ 71%] Built target mono
[0.391s] [ 92%] Built target rgbd
[3.478s] [100%] [32m[1mLinking CXX executable realsense_publisher[0m
[3.748s] [100%] Built target realsense_publisher
[3.755s] Invoked command in '/home/srikrishna/Desktop/Projects/scale_est/colcon_ws/src/orbslam3_ros2/build/orbslam3' returned '0': CMAKE_PREFIX_PATH=/home/srikrishna/Desktop/Projects/scale_est/colcon_ws/install/orbslam3:/home/srikrishna/Projects_ROS/px4_ws/install/px4_msgs:/home/srikrishna/Projects_ROS/ws_xrce_dds_agent/install/px4_msgs:/home/srikrishna/Projects_ROS/ws_xrce_dds_agent/install/microxrcedds_agent:/opt/ros/humble:/home/srikrishna/catkin_ws/devel PS1=(orbslam3_ros2) \[\e]0;\u@\h: \w\a\]${debian_chroot:+($debian_chroot)}\[\033[01;32m\]\u@\h\[\033[00m\]:\[\033[01;34m\]\w\[\033[00m\]\$ VIRTUAL_ENV_PROMPT=(orbslam3_ros2) /usr/bin/cmake --build /home/srikrishna/Desktop/Projects/scale_est/colcon_ws/src/orbslam3_ros2/build/orbslam3 -- -j20 -l20
[3.761s] Invoking command in '/home/srikrishna/Desktop/Projects/scale_est/colcon_ws/src/orbslam3_ros2/build/orbslam3': CMAKE_PREFIX_PATH=/home/srikrishna/Desktop/Projects/scale_est/colcon_ws/install/orbslam3:/home/srikrishna/Projects_ROS/px4_ws/install/px4_msgs:/home/srikrishna/Projects_ROS/ws_xrce_dds_agent/install/px4_msgs:/home/srikrishna/Projects_ROS/ws_xrce_dds_agent/install/microxrcedds_agent:/opt/ros/humble:/home/srikrishna/catkin_ws/devel PS1=(orbslam3_ros2) \[\e]0;\u@\h: \w\a\]${debian_chroot:+($debian_chroot)}\[\033[01;32m\]\u@\h\[\033[00m\]:\[\033[01;34m\]\w\[\033[00m\]\$ VIRTUAL_ENV_PROMPT=(orbslam3_ros2) /usr/bin/cmake --install /home/srikrishna/Desktop/Projects/scale_est/colcon_ws/src/orbslam3_ros2/build/orbslam3
[3.766s] -- Install configuration: ""
[3.767s] -- Execute custom install script
[3.767s] -- Symlinking: /home/srikrishna/Desktop/Projects/scale_est/colcon_ws/src/orbslam3_ros2/install/orbslam3/lib/orbslam3/realsense_publisher
[3.774s] -- Up-to-date symlink: /home/srikrishna/Desktop/Projects/scale_est/colcon_ws/src/orbslam3_ros2/install/orbslam3/lib/orbslam3/mono
[3.774s] -- Up-to-date symlink: /home/srikrishna/Desktop/Projects/scale_est/colcon_ws/src/orbslam3_ros2/install/orbslam3/lib/orbslam3/rgbd
[3.774s] -- Up-to-date symlink: /home/srikrishna/Desktop/Projects/scale_est/colcon_ws/src/orbslam3_ros2/install/orbslam3/lib/orbslam3/stereo
[3.775s] -- Up-to-date symlink: /home/srikrishna/Desktop/Projects/scale_est/colcon_ws/src/orbslam3_ros2/install/orbslam3/lib/orbslam3/stereo-inertial
[3.775s] -- Up-to-date symlink: /home/srikrishna/Desktop/Projects/scale_est/colcon_ws/src/orbslam3_ros2/install/orbslam3/share/ament_index/resource_index/package_run_dependencies/orbslam3
[3.775s] -- Up-to-date symlink: /home/srikrishna/Desktop/Projects/scale_est/colcon_ws/src/orbslam3_ros2/install/orbslam3/share/ament_index/resource_index/parent_prefix_path/orbslam3
[3.775s] -- Up-to-date symlink: /home/srikrishna/Desktop/Projects/scale_est/colcon_ws/src/orbslam3_ros2/install/orbslam3/share/orbslam3/environment/ament_prefix_path.sh
[3.775s] -- Up-to-date symlink: /home/srikrishna/Desktop/Projects/scale_est/colcon_ws/src/orbslam3_ros2/install/orbslam3/share/orbslam3/environment/ament_prefix_path.dsv
[3.775s] -- Up-to-date symlink: /home/srikrishna/Desktop/Projects/scale_est/colcon_ws/src/orbslam3_ros2/install/orbslam3/share/orbslam3/environment/path.sh
[3.775s] -- Up-to-date symlink: /home/srikrishna/Desktop/Projects/scale_est/colcon_ws/src/orbslam3_ros2/install/orbslam3/share/orbslam3/environment/path.dsv
[3.775s] -- Up-to-date symlink: /home/srikrishna/Desktop/Projects/scale_est/colcon_ws/src/orbslam3_ros2/install/orbslam3/share/orbslam3/local_setup.bash
[3.775s] -- Up-to-date symlink: /home/srikrishna/Desktop/Projects/scale_est/colcon_ws/src/orbslam3_ros2/install/orbslam3/share/orbslam3/local_setup.sh
[3.775s] -- Up-to-date symlink: /home/srikrishna/Desktop/Projects/scale_est/colcon_ws/src/orbslam3_ros2/install/orbslam3/share/orbslam3/local_setup.zsh
[3.775s] -- Up-to-date symlink: /home/srikrishna/Desktop/Projects/scale_est/colcon_ws/src/orbslam3_ros2/install/orbslam3/share/orbslam3/local_setup.dsv
[3.775s] -- Symlinking: /home/srikrishna/Desktop/Projects/scale_est/colcon_ws/src/orbslam3_ros2/install/orbslam3/share/orbslam3/package.dsv
[3.782s] -- Up-to-date symlink: /home/srikrishna/Desktop/Projects/scale_est/colcon_ws/src/orbslam3_ros2/install/orbslam3/share/ament_index/resource_index/packages/orbslam3
[3.782s] -- Up-to-date symlink: /home/srikrishna/Desktop/Projects/scale_est/colcon_ws/src/orbslam3_ros2/install/orbslam3/share/orbslam3/cmake/orbslam3Config.cmake
[3.782s] -- Up-to-date symlink: /home/srikrishna/Desktop/Projects/scale_est/colcon_ws/src/orbslam3_ros2/install/orbslam3/share/orbslam3/cmake/orbslam3Config-version.cmake
[3.782s] -- Up-to-date symlink: /home/srikrishna/Desktop/Projects/scale_est/colcon_ws/src/orbslam3_ros2/install/orbslam3/share/orbslam3/package.xml
[3.783s] Invoked command in '/home/srikrishna/Desktop/Projects/scale_est/colcon_ws/src/orbslam3_ros2/build/orbslam3' returned '0': CMAKE_PREFIX_PATH=/home/srikrishna/Desktop/Projects/scale_est/colcon_ws/install/orbslam3:/home/srikrishna/Projects_ROS/px4_ws/install/px4_msgs:/home/srikrishna/Projects_ROS/ws_xrce_dds_agent/install/px4_msgs:/home/srikrishna/Projects_ROS/ws_xrce_dds_agent/install/microxrcedds_agent:/opt/ros/humble:/home/srikrishna/catkin_ws/devel PS1=(orbslam3_ros2) \[\e]0;\u@\h: \w\a\]${debian_chroot:+($debian_chroot)}\[\033[01;32m\]\u@\h\[\033[00m\]:\[\033[01;34m\]\w\[\033[00m\]\$ VIRTUAL_ENV_PROMPT=(orbslam3_ros2) /usr/bin/cmake --install /home/srikrishna/Desktop/Projects/scale_est/colcon_ws/src/orbslam3_ros2/build/orbslam3
