[0.007s] Invoking command in '/home/srikrishna/Desktop/Projects/scale_est/colcon_ws/src/orbslam3_ros2/build/orbslam3': CMAKE_PREFIX_PATH=/home/srikrishna/Desktop/Projects/scale_est/colcon_ws/install/orbslam3:/home/srikrishna/Projects_ROS/px4_ws/install/px4_msgs:/home/srikrishna/Projects_ROS/ws_xrce_dds_agent/install/px4_msgs:/home/srikrishna/Projects_ROS/ws_xrce_dds_agent/install/microxrcedds_agent:/opt/ros/humble:/home/srikrishna/catkin_ws/devel PS1=(orbslam3_ros2) \[\e]0;\u@\h: \w\a\]${debian_chroot:+($debian_chroot)}\[\033[01;32m\]\u@\h\[\033[00m\]:\[\033[01;34m\]\w\[\033[00m\]\$ VIRTUAL_ENV_PROMPT=(orbslam3_ros2) /usr/bin/cmake --build /home/srikrishna/Desktop/Projects/scale_est/colcon_ws/src/orbslam3_ros2/build/orbslam3 -- -j20 -l20
[0.027s] -- Found ament_cmake: 1.3.11 (/opt/ros/humble/share/ament_cmake/cmake)
[0.094s] -- Override CMake install command with custom implementation using symlinks instead of copying resources
[0.098s] -- Found rclcpp: 16.0.11 (/opt/ros/humble/share/rclcpp/cmake)
[0.114s] -- Found rosidl_generator_c: 3.1.6 (/opt/ros/humble/share/rosidl_generator_c/cmake)
[0.115s] -- Found rosidl_adapter: 3.1.6 (/opt/ros/humble/share/rosidl_adapter/cmake)
[0.118s] -- Found rosidl_generator_cpp: 3.1.6 (/opt/ros/humble/share/rosidl_generator_cpp/cmake)
[0.123s] -- Using all available rosidl_typesupport_c: rosidl_typesupport_fastrtps_c;rosidl_typesupport_introspection_c
[0.129s] -- Using all available rosidl_typesupport_cpp: rosidl_typesupport_fastrtps_cpp;rosidl_typesupport_introspection_cpp
[0.146s] -- Found rmw_implementation_cmake: 6.1.2 (/opt/ros/humble/share/rmw_implementation_cmake/cmake)
[0.147s] -- Found rmw_fastrtps_cpp: 6.2.7 (/opt/ros/humble/share/rmw_fastrtps_cpp/cmake)
[0.215s] -- Using RMW implementation 'rmw_fastrtps_cpp' as default
[0.241s] -- Found sensor_msgs: 4.2.4 (/opt/ros/humble/share/sensor_msgs/cmake)
[0.255s] -- Found cv_bridge: 3.2.1 (/opt/ros/humble/share/cv_bridge/cmake)
[0.260s] -- Found message_filters: 4.3.5 (/opt/ros/humble/share/message_filters/cmake)
[0.268s] [31mCMake Error at /opt/ros/humble/share/ament_cmake_target_dependencies/cmake/ament_target_dependencies.cmake:77 (message):
[0.268s]   ament_target_dependencies() the passed package name 'add_executable' was
[0.268s]   not found before
[0.268s] Call Stack (most recent call first):
[0.268s]   CMakeLists.txt:50 (ament_target_dependencies)
[0.268s] 
[0.268s] [0m
[0.268s] -- Configuring incomplete, errors occurred!
[0.268s] See also "/home/srikrishna/Desktop/Projects/scale_est/colcon_ws/src/orbslam3_ros2/build/orbslam3/CMakeFiles/CMakeOutput.log".
[0.272s] gmake: *** [Makefile:498: cmake_check_build_system] Error 1
[0.273s] Invoked command in '/home/srikrishna/Desktop/Projects/scale_est/colcon_ws/src/orbslam3_ros2/build/orbslam3' returned '2': CMAKE_PREFIX_PATH=/home/srikrishna/Desktop/Projects/scale_est/colcon_ws/install/orbslam3:/home/srikrishna/Projects_ROS/px4_ws/install/px4_msgs:/home/srikrishna/Projects_ROS/ws_xrce_dds_agent/install/px4_msgs:/home/srikrishna/Projects_ROS/ws_xrce_dds_agent/install/microxrcedds_agent:/opt/ros/humble:/home/srikrishna/catkin_ws/devel PS1=(orbslam3_ros2) \[\e]0;\u@\h: \w\a\]${debian_chroot:+($debian_chroot)}\[\033[01;32m\]\u@\h\[\033[00m\]:\[\033[01;34m\]\w\[\033[00m\]\$ VIRTUAL_ENV_PROMPT=(orbslam3_ros2) /usr/bin/cmake --build /home/srikrishna/Desktop/Projects/scale_est/colcon_ws/src/orbslam3_ros2/build/orbslam3 -- -j20 -l20
